2020-03-22 19:41:03.155  INFO 1244 --- [restartedMain] com.admin.AdminServerApplication         : Starting AdminServerApplication on Sachin with PID 1244 (D:\microservice_demo-master\Admin_Server\target\classes started by Sachin in D:\microservice_demo-master)
2020-03-22 19:41:03.171  INFO 1244 --- [restartedMain] com.admin.AdminServerApplication         : No active profile set, falling back to default profiles: default
2020-03-22 19:41:04.645  INFO 1244 --- [restartedMain] .e.DevToolsPropertyDefaultsPostProcessor : Devtools property defaults active! Set 'spring.devtools.add-properties' to 'false' to disable
2020-03-22 19:41:04.648  INFO 1244 --- [restartedMain] .e.DevToolsPropertyDefaultsPostProcessor : For additional web related logging consider setting the 'logging.level.web' property to 'DEBUG'
2020-03-22 19:41:25.126  INFO 1244 --- [restartedMain] o.s.b.w.embedded.tomcat.TomcatWebServer  : Tomcat initialized with port(s): 9091 (http)
2020-03-22 19:41:25.607  INFO 1244 --- [restartedMain] o.apache.catalina.core.StandardService   : Starting service [Tomcat]
2020-03-22 19:41:25.609  INFO 1244 --- [restartedMain] org.apache.catalina.core.StandardEngine  : Starting Servlet Engine: Apache Tomcat/9.0.13
2020-03-22 19:41:26.408  INFO 1244 --- [restartedMain] o.a.catalina.core.AprLifecycleListener   : The APR based Apache Tomcat Native library which allows optimal performance in production environments was not found on the java.library.path: [C:\Program Files\Java\jdk1.8.0_201\jre\bin;C:\Windows\Sun\Java\bin;C:\Windows\system32;C:\Windows;C:\Program Files\Common Files\Oracle\Java\javapath;C:\Windows\system32;C:\Windows;C:\Windows\System32\Wbem;C:\Windows\System32\WindowsPowerShell\v1.0\;%JAVA_HOME%;C:\Program Files\WIDCOMM\Bluetooth Software\;C:\Program Files\PuTTY\;C:\Program Files\Git\cmd;C:\Program Files\apache-maven-3.6.3\bin;C:\Program Files\nodejs\;C:\Program Files\apache-maven-3.6.3/bin;C:\Users\Sachin\AppData\Roaming\npm;.]
2020-03-22 19:41:29.151  INFO 1244 --- [restartedMain] o.a.c.c.C.[Tomcat].[localhost].[/]       : Initializing Spring embedded WebApplicationContext
2020-03-22 19:41:29.153  INFO 1244 --- [restartedMain] o.s.web.context.ContextLoader            : Root WebApplicationContext: initialization completed in 24503 ms
2020-03-22 19:41:36.385  INFO 1244 --- [restartedMain] o.s.s.concurrent.ThreadPoolTaskExecutor  : Initializing ExecutorService 'applicationTaskExecutor'
2020-03-22 19:41:38.264  WARN 1244 --- [restartedMain] ion$DefaultTemplateResolverConfiguration : Cannot find template location: classpath:/templates/ (please add some templates or check your Thymeleaf configuration)
2020-03-22 19:41:47.053  INFO 1244 --- [restartedMain] o.s.b.d.a.OptionalLiveReloadServer       : LiveReload server is running on port 35729
2020-03-22 19:41:47.166  INFO 1244 --- [restartedMain] o.s.b.a.e.web.EndpointLinksResolver      : Exposing 2 endpoint(s) beneath base path '/actuator'
2020-03-22 19:41:47.968  INFO 1244 --- [restartedMain] o.s.b.w.embedded.tomcat.TomcatWebServer  : Tomcat started on port(s): 9091 (http) with context path ''
2020-03-22 19:41:47.974  INFO 1244 --- [restartedMain] com.admin.AdminServerApplication         : Started AdminServerApplication in 53.127 seconds (JVM running for 59.558)
2020-03-22 19:50:35.965  INFO 7920 --- [restartedMain] com.admin.AdminServerApplication         : Starting AdminServerApplication on Sachin with PID 7920 (D:\microservice_demo-master\Admin_Server\target\classes started by Sachin in D:\microservice_demo-master)
2020-03-22 19:50:36.096  INFO 7920 --- [restartedMain] com.admin.AdminServerApplication         : No active profile set, falling back to default profiles: default
2020-03-22 19:50:36.929  INFO 7920 --- [restartedMain] .e.DevToolsPropertyDefaultsPostProcessor : Devtools property defaults active! Set 'spring.devtools.add-properties' to 'false' to disable
2020-03-22 19:50:36.931  INFO 7920 --- [restartedMain] .e.DevToolsPropertyDefaultsPostProcessor : For additional web related logging consider setting the 'logging.level.web' property to 'DEBUG'
2020-03-22 19:50:51.605  INFO 7920 --- [restartedMain] o.s.b.w.embedded.tomcat.TomcatWebServer  : Tomcat initialized with port(s): 9091 (http)
2020-03-22 19:50:51.842  INFO 7920 --- [restartedMain] o.apache.catalina.core.StandardService   : Starting service [Tomcat]
2020-03-22 19:50:51.844  INFO 7920 --- [restartedMain] org.apache.catalina.core.StandardEngine  : Starting Servlet Engine: Apache Tomcat/9.0.13
2020-03-22 19:50:51.937  INFO 7920 --- [restartedMain] o.a.catalina.core.AprLifecycleListener   : The APR based Apache Tomcat Native library which allows optimal performance in production environments was not found on the java.library.path: [C:\Program Files\Java\jdk1.8.0_201\jre\bin;C:\Windows\Sun\Java\bin;C:\Windows\system32;C:\Windows;C:\Program Files\Common Files\Oracle\Java\javapath;C:\Windows\system32;C:\Windows;C:\Windows\System32\Wbem;C:\Windows\System32\WindowsPowerShell\v1.0\;%JAVA_HOME%;C:\Program Files\WIDCOMM\Bluetooth Software\;C:\Program Files\PuTTY\;C:\Program Files\Git\cmd;C:\Program Files\apache-maven-3.6.3\bin;C:\Program Files\nodejs\;C:\Program Files\apache-maven-3.6.3/bin;C:\Users\Sachin\AppData\Roaming\npm;.]
2020-03-22 19:50:54.420  INFO 7920 --- [restartedMain] o.a.c.c.C.[Tomcat].[localhost].[/]       : Initializing Spring embedded WebApplicationContext
2020-03-22 19:50:54.422  INFO 7920 --- [restartedMain] o.s.web.context.ContextLoader            : Root WebApplicationContext: initialization completed in 17481 ms
2020-03-22 19:50:58.105  INFO 7920 --- [restartedMain] o.s.s.concurrent.ThreadPoolTaskExecutor  : Initializing ExecutorService 'applicationTaskExecutor'
2020-03-22 19:50:58.862  WARN 7920 --- [restartedMain] ion$DefaultTemplateResolverConfiguration : Cannot find template location: classpath:/templates/ (please add some templates or check your Thymeleaf configuration)
2020-03-22 19:51:08.009  INFO 7920 --- [restartedMain] o.s.b.d.a.OptionalLiveReloadServer       : LiveReload server is running on port 35729
2020-03-22 19:51:08.100  INFO 7920 --- [restartedMain] o.s.b.a.e.web.EndpointLinksResolver      : Exposing 2 endpoint(s) beneath base path '/actuator'
2020-03-22 19:51:11.863  INFO 7920 --- [restartedMain] o.s.b.w.embedded.tomcat.TomcatWebServer  : Tomcat started on port(s): 9091 (http) with context path ''
2020-03-22 19:51:11.875  INFO 7920 --- [restartedMain] com.admin.AdminServerApplication         : Started AdminServerApplication in 45.127 seconds (JVM running for 48.15)
2020-03-22 19:51:25.658  INFO 7920 --- [http-nio-9091-exec-3] o.a.c.c.C.[Tomcat].[localhost].[/]       : Initializing Spring DispatcherServlet 'dispatcherServlet'
2020-03-22 19:51:25.661  INFO 7920 --- [http-nio-9091-exec-3] o.s.web.servlet.DispatcherServlet        : Initializing Servlet 'dispatcherServlet'
2020-03-22 19:51:25.861  INFO 7920 --- [http-nio-9091-exec-3] o.s.web.servlet.DispatcherServlet        : Completed initialization in 197 ms
2020-03-22 19:53:21.044 ERROR 7920 --- [http-nio-9091-exec-1] o.a.catalina.connector.CoyoteAdapter     : Exception while processing an asynchronous request

java.lang.IllegalStateException: Calling [asyncError()] is not valid for a request with Async state [MUST_DISPATCH]
	at org.apache.coyote.AsyncStateMachine.asyncError(AsyncStateMachine.java:440) ~[tomcat-embed-core-9.0.13.jar:9.0.13]
	at org.apache.coyote.AbstractProcessor.action(AbstractProcessor.java:512) [tomcat-embed-core-9.0.13.jar:9.0.13]
	at org.apache.coyote.Request.action(Request.java:430) ~[tomcat-embed-core-9.0.13.jar:9.0.13]
	at org.apache.catalina.core.AsyncContextImpl.setErrorState(AsyncContextImpl.java:382) ~[tomcat-embed-core-9.0.13.jar:9.0.13]
	at org.apache.catalina.connector.CoyoteAdapter.asyncDispatch(CoyoteAdapter.java:239) ~[tomcat-embed-core-9.0.13.jar:9.0.13]
	at org.apache.coyote.AbstractProcessor.dispatch(AbstractProcessor.java:241) [tomcat-embed-core-9.0.13.jar:9.0.13]
	at org.apache.coyote.AbstractProcessorLight.process(AbstractProcessorLight.java:53) [tomcat-embed-core-9.0.13.jar:9.0.13]
	at org.apache.coyote.AbstractProtocol$ConnectionHandler.process(AbstractProtocol.java:791) [tomcat-embed-core-9.0.13.jar:9.0.13]
	at org.apache.tomcat.util.net.NioEndpoint$SocketProcessor.doRun(NioEndpoint.java:1417) [tomcat-embed-core-9.0.13.jar:9.0.13]
	at org.apache.tomcat.util.net.SocketProcessorBase.run(SocketProcessorBase.java:49) [tomcat-embed-core-9.0.13.jar:9.0.13]
	at java.util.concurrent.ThreadPoolExecutor.runWorker(ThreadPoolExecutor.java:1149) [na:1.8.0_201]
	at java.util.concurrent.ThreadPoolExecutor$Worker.run(ThreadPoolExecutor.java:624) [na:1.8.0_201]
	at org.apache.tomcat.util.threads.TaskThread$WrappingRunnable.run(TaskThread.java:61) [tomcat-embed-core-9.0.13.jar:9.0.13]
	at java.lang.Thread.run(Thread.java:748) [na:1.8.0_201]

2020-03-22 19:57:12.588 ERROR 7920 --- [http-nio-9091-exec-4] o.a.catalina.connector.CoyoteAdapter     : Exception while processing an asynchronous request

java.lang.IllegalStateException: Calling [asyncError()] is not valid for a request with Async state [MUST_DISPATCH]
	at org.apache.coyote.AsyncStateMachine.asyncError(AsyncStateMachine.java:440) ~[tomcat-embed-core-9.0.13.jar:9.0.13]
	at org.apache.coyote.AbstractProcessor.action(AbstractProcessor.java:512) [tomcat-embed-core-9.0.13.jar:9.0.13]
	at org.apache.coyote.Request.action(Request.java:430) ~[tomcat-embed-core-9.0.13.jar:9.0.13]
	at org.apache.catalina.core.AsyncContextImpl.setErrorState(AsyncContextImpl.java:382) ~[tomcat-embed-core-9.0.13.jar:9.0.13]
	at org.apache.catalina.connector.CoyoteAdapter.asyncDispatch(CoyoteAdapter.java:239) ~[tomcat-embed-core-9.0.13.jar:9.0.13]
	at org.apache.coyote.AbstractProcessor.dispatch(AbstractProcessor.java:241) [tomcat-embed-core-9.0.13.jar:9.0.13]
	at org.apache.coyote.AbstractProcessorLight.process(AbstractProcessorLight.java:53) [tomcat-embed-core-9.0.13.jar:9.0.13]
	at org.apache.coyote.AbstractProtocol$ConnectionHandler.process(AbstractProtocol.java:791) [tomcat-embed-core-9.0.13.jar:9.0.13]
	at org.apache.tomcat.util.net.NioEndpoint$SocketProcessor.doRun(NioEndpoint.java:1417) [tomcat-embed-core-9.0.13.jar:9.0.13]
	at org.apache.tomcat.util.net.SocketProcessorBase.run(SocketProcessorBase.java:49) [tomcat-embed-core-9.0.13.jar:9.0.13]
	at java.util.concurrent.ThreadPoolExecutor.runWorker(ThreadPoolExecutor.java:1149) [na:1.8.0_201]
	at java.util.concurrent.ThreadPoolExecutor$Worker.run(ThreadPoolExecutor.java:624) [na:1.8.0_201]
	at org.apache.tomcat.util.threads.TaskThread$WrappingRunnable.run(TaskThread.java:61) [tomcat-embed-core-9.0.13.jar:9.0.13]
	at java.lang.Thread.run(Thread.java:748) [na:1.8.0_201]

2020-03-22 19:57:26.743 ERROR 7920 --- [http-nio-9091-exec-5] o.a.catalina.connector.CoyoteAdapter     : Exception while processing an asynchronous request

java.lang.IllegalStateException: Calling [asyncError()] is not valid for a request with Async state [MUST_DISPATCH]
	at org.apache.coyote.AsyncStateMachine.asyncError(AsyncStateMachine.java:440) ~[tomcat-embed-core-9.0.13.jar:9.0.13]
	at org.apache.coyote.AbstractProcessor.action(AbstractProcessor.java:512) [tomcat-embed-core-9.0.13.jar:9.0.13]
	at org.apache.coyote.Request.action(Request.java:430) ~[tomcat-embed-core-9.0.13.jar:9.0.13]
	at org.apache.catalina.core.AsyncContextImpl.setErrorState(AsyncContextImpl.java:382) ~[tomcat-embed-core-9.0.13.jar:9.0.13]
	at org.apache.catalina.connector.CoyoteAdapter.asyncDispatch(CoyoteAdapter.java:239) ~[tomcat-embed-core-9.0.13.jar:9.0.13]
	at org.apache.coyote.AbstractProcessor.dispatch(AbstractProcessor.java:241) [tomcat-embed-core-9.0.13.jar:9.0.13]
	at org.apache.coyote.AbstractProcessorLight.process(AbstractProcessorLight.java:53) [tomcat-embed-core-9.0.13.jar:9.0.13]
	at org.apache.coyote.AbstractProtocol$ConnectionHandler.process(AbstractProtocol.java:791) [tomcat-embed-core-9.0.13.jar:9.0.13]
	at org.apache.tomcat.util.net.NioEndpoint$SocketProcessor.doRun(NioEndpoint.java:1417) [tomcat-embed-core-9.0.13.jar:9.0.13]
	at org.apache.tomcat.util.net.SocketProcessorBase.run(SocketProcessorBase.java:49) [tomcat-embed-core-9.0.13.jar:9.0.13]
	at java.util.concurrent.ThreadPoolExecutor.runWorker(ThreadPoolExecutor.java:1149) [na:1.8.0_201]
	at java.util.concurrent.ThreadPoolExecutor$Worker.run(ThreadPoolExecutor.java:624) [na:1.8.0_201]
	at org.apache.tomcat.util.threads.TaskThread$WrappingRunnable.run(TaskThread.java:61) [tomcat-embed-core-9.0.13.jar:9.0.13]
	at java.lang.Thread.run(Thread.java:748) [na:1.8.0_201]

2020-03-22 19:58:52.495  INFO 7920 --- [Thread-8] o.s.s.concurrent.ThreadPoolTaskExecutor  : Shutting down ExecutorService 'applicationTaskExecutor'
